<?xml version="1.0" encoding="utf-8" standalone="no"?>
<test-run id="2" testcasecount="3" result="Passed" total="3" passed="3" failed="0" inconclusive="0" skipped="0" asserts="1" engine-version="3.0.5797.27553" clr-version="4.0.30319.42000" start-time="2016-05-11 19:06:58Z" end-time="2016-05-11 19:07:02Z" duration="4.179776">
  <command-line><![CDATA["C:\git\lazysystem-cdtalk\tools\NUnit.Console.3.0.0\nunit3-console.exe"  C:\git\lazysystem-cdtalk\src\LazyService\LazyService.Tests\bin\Debug\LazyService.Tests.dll --teamcity --noheader]]></command-line>
  <test-suite type="Assembly" id="0-1004" name="LazyService.Tests.dll" fullname="C:\git\lazysystem-cdtalk\src\LazyService\LazyService.Tests\bin\Debug\LazyService.Tests.dll" runstate="Runnable" testcasecount="3" result="Passed" start-time="2016-05-11 19:06:58Z" end-time="2016-05-11 19:07:02Z" duration="4.139933" total="3" passed="3" failed="0" inconclusive="0" skipped="0" asserts="1">
    <environment framework-version="3.0.5797.27534" clr-version="4.0.30319.42000" os-version="Microsoft Windows NT 6.1.7601 Service Pack 1" platform="Win32NT" cwd="C:\git\lazysystem-cdtalk" machine-name="MMIKOLAJSKI-W7" user="Mateusz.Mikolajski" user-domain="GLOBALINTECH" culture="en-US" uiculture="en-US" os-architecture="x64" />
    <settings>
      <setting name="WorkDirectory" value="C:\git\lazysystem-cdtalk" />
      <setting name="NumberOfTestWorkers" value="8" />
    </settings>
    <properties>
      <property name="_PID" value="13044" />
      <property name="_APPDOMAIN" value="test-domain-" />
    </properties>
    <test-suite type="TestSuite" id="0-1005" name="LazyService" fullname="LazyService" runstate="Runnable" testcasecount="3" result="Passed" start-time="2016-05-11 19:06:58Z" end-time="2016-05-11 19:07:02Z" duration="4.129388" total="3" passed="3" failed="0" inconclusive="0" skipped="0" asserts="1">
      <test-suite type="TestSuite" id="0-1006" name="Tests" fullname="LazyService.Tests" runstate="Runnable" testcasecount="3" result="Passed" start-time="2016-05-11 19:06:58Z" end-time="2016-05-11 19:07:02Z" duration="4.129288" total="3" passed="3" failed="0" inconclusive="0" skipped="0" asserts="1">
        <test-suite type="TestFixture" id="0-1000" name="When_working_with_lazy_service" fullname="LazyService.Tests.When_working_with_lazy_service" classname="LazyService.Tests.When_working_with_lazy_service" runstate="Runnable" testcasecount="3" result="Passed" start-time="2016-05-11 19:06:58Z" end-time="2016-05-11 19:07:02Z" duration="4.127521" total="3" passed="3" failed="0" inconclusive="0" skipped="0" asserts="1">
          <test-case id="0-1003" name="check_if_long_test_that_does_nothing_works_as_well" fullname="LazyService.Tests.When_working_with_lazy_service.check_if_long_test_that_does_nothing_works_as_well" methodname="check_if_long_test_that_does_nothing_works_as_well" classname="LazyService.Tests.When_working_with_lazy_service" runstate="Runnable" seed="993609143" result="Passed" start-time="2016-05-11 19:06:58Z" end-time="2016-05-11 19:07:01Z" duration="3.011799" asserts="1" />
          <test-case id="0-1002" name="want_to_make_sure_that_quick_test_that_does_nothing_works_as_well" fullname="LazyService.Tests.When_working_with_lazy_service.want_to_make_sure_that_quick_test_that_does_nothing_works_as_well" methodname="want_to_make_sure_that_quick_test_that_does_nothing_works_as_well" classname="LazyService.Tests.When_working_with_lazy_service" runstate="Runnable" seed="1630670862" result="Passed" start-time="2016-05-11 19:07:01Z" end-time="2016-05-11 19:07:01Z" duration="0.100041" asserts="0" />
          <test-case id="0-1001" name="want_to_make_sure_that_test_that_does_nothing_works" fullname="LazyService.Tests.When_working_with_lazy_service.want_to_make_sure_that_test_that_does_nothing_works" methodname="want_to_make_sure_that_test_that_does_nothing_works" classname="LazyService.Tests.When_working_with_lazy_service" runstate="Runnable" seed="798259755" result="Passed" start-time="2016-05-11 19:07:01Z" end-time="2016-05-11 19:07:02Z" duration="1.000163" asserts="0" />
        </test-suite>
      </test-suite>
    </test-suite>
  </test-suite>
</test-run>